<?xml version="1.0" encoding="UTF-8"?>
<!-- Generated by org.testng.reporters.JUnitReportReporter -->
<testsuite skipped="0" hostname="W0472501MSMXT" name="parallel.GridTest" tests="2" failures="0" timestamp="2019-12-14T17:44:51 IST" time="8.865" errors="0">
  <testcase name="broweserTest" time="5.787" classname="parallel.GridTest"/>
  <testcase name="broweserTest" time="3.078" classname="parallel.GridTest"/>
</testsuite> <!-- parallel.GridTest -->
